Flow report for alarm_clock_top
Fri Jul 12 18:03:04 2024
Quartus Prime Version 17.1.0 Build 590 10/25/2017 SJ Lite Edition


---------------------
; Table of Contents ;
---------------------
  1. Legal Notice
  2. Flow Summary
  3. Flow Settings
  4. Flow Non-Default Global Settings
  5. Flow Elapsed Time
  6. Flow OS Summary
  7. Flow Log
  8. Flow Messages
  9. Flow Suppressed Messages



----------------
; Legal Notice ;
----------------
Copyright (C) 2017  Intel Corporation. All rights reserved.
Your use of Intel Corporation's design tools, logic functions 
and other software and tools, and its AMPP partner logic 
functions, and any output files from any of the foregoing 
(including device programming or simulation files), and any 
associated documentation or information are expressly subject 
to the terms and conditions of the Intel Program License 
Subscription Agreement, the Intel Quartus Prime License Agreement,
the Intel FPGA IP License Agreement, or other applicable license
agreement, including, without limitation, that your use is for
the sole purpose of programming logic devices manufactured by
Intel and sold by Intel or its authorized distributors.  Please
refer to the applicable agreement for further details.



+---------------------------------------------------------------------+
; Flow Summary                                                        ;
+-----------------------+---------------------------------------------+
; Flow Status           ; Successful - Fri Jul 12 18:03:04 2024       ;
; Quartus Prime Version ; 17.1.0 Build 590 10/25/2017 SJ Lite Edition ;
; Revision Name         ; alarm_clock_top                             ;
; Top-level Entity Name ; alarm_clock_top                             ;
; Family                ; MAX V                                       ;
; Total logic elements  ; 145 / 240 ( 60 % )                          ;
; Total pins            ; 42 / 79 ( 53 % )                            ;
; Total virtual pins    ; 0                                           ;
; UFM blocks            ; 0 / 1 ( 0 % )                               ;
; Device                ; 5M240ZM100C4                                ;
; Timing Models         ; Final                                       ;
+-----------------------+---------------------------------------------+


+-----------------------------------------+
; Flow Settings                           ;
+-------------------+---------------------+
; Option            ; Setting             ;
+-------------------+---------------------+
; Start date & time ; 07/12/2024 18:02:39 ;
; Main task         ; Compilation         ;
; Revision Name     ; alarm_clock_top     ;
+-------------------+---------------------+


+------------------------------------------------------------------------------------------------------------------------+
; Flow Non-Default Global Settings                                                                                       ;
+---------------------------------+---------------------------------+---------------+-------------+----------------------+
; Assignment Name                 ; Value                           ; Default Value ; Entity Name ; Section Id           ;
+---------------------------------+---------------------------------+---------------+-------------+----------------------+
; COMPILER_SIGNATURE_ID           ; 176473390075319.172078755803496 ; --            ; --          ; --                   ;
; EDA_DESIGN_ENTRY_SYNTHESIS_TOOL ; Precision Synthesis             ; <None>        ; --          ; --                   ;
; EDA_INPUT_DATA_FORMAT           ; Vqm                             ; --            ; --          ; eda_design_synthesis ;
; EDA_LMF_FILE                    ; mentor.lmf                      ; --            ; --          ; eda_design_synthesis ;
; EDA_OUTPUT_DATA_FORMAT          ; Verilog Hdl                     ; --            ; --          ; eda_simulation       ;
; EDA_SIMULATION_TOOL             ; ModelSim-Altera (Verilog)       ; <None>        ; --          ; --                   ;
; EDA_TIME_SCALE                  ; 1 ps                            ; --            ; --          ; eda_simulation       ;
; PROJECT_OUTPUT_DIRECTORY        ; output_files                    ; --            ; --          ; --                   ;
+---------------------------------+---------------------------------+---------------+-------------+----------------------+


+-------------------------------------------------------------------------------------------------------------------------------+
; Flow Elapsed Time                                                                                                             ;
+---------------------------+--------------+-------------------------+---------------------+------------------------------------+
; Module Name               ; Elapsed Time ; Average Processors Used ; Peak Virtual Memory ; Total CPU Time (on all processors) ;
+---------------------------+--------------+-------------------------+---------------------+------------------------------------+
; Analysis & Synthesis      ; 00:00:12     ; 1.0                     ; 4705 MB             ; 00:00:07                           ;
; Fitter                    ; 00:00:06     ; 1.0                     ; 5321 MB             ; 00:00:01                           ;
; Assembler                 ; 00:00:01     ; 1.0                     ; 4650 MB             ; 00:00:00                           ;
; TimeQuest Timing Analyzer ; 00:00:02     ; 1.0                     ; 4671 MB             ; 00:00:01                           ;
; EDA Netlist Writer        ; 00:00:01     ; 1.0                     ; 4615 MB             ; 00:00:01                           ;
; Total                     ; 00:00:22     ; --                      ; --                  ; 00:00:10                           ;
+---------------------------+--------------+-------------------------+---------------------+------------------------------------+


+-----------------------------------------------------------------------------------------+
; Flow OS Summary                                                                         ;
+---------------------------+------------------+------------+------------+----------------+
; Module Name               ; Machine Hostname ; OS Name    ; OS Version ; Processor type ;
+---------------------------+------------------+------------+------------+----------------+
; Analysis & Synthesis      ; Kusuma           ; Windows 10 ; 10.0       ; x86_64         ;
; Fitter                    ; Kusuma           ; Windows 10 ; 10.0       ; x86_64         ;
; Assembler                 ; Kusuma           ; Windows 10 ; 10.0       ; x86_64         ;
; TimeQuest Timing Analyzer ; Kusuma           ; Windows 10 ; 10.0       ; x86_64         ;
; EDA Netlist Writer        ; Kusuma           ; Windows 10 ; 10.0       ; x86_64         ;
+---------------------------+------------------+------------+------------+----------------+


------------
; Flow Log ;
------------
quartus_map --read_settings_files=on --write_settings_files=off alarm_clock_top -c alarm_clock_top
quartus_fit --read_settings_files=off --write_settings_files=off alarm_clock_top -c alarm_clock_top
quartus_asm --read_settings_files=off --write_settings_files=off alarm_clock_top -c alarm_clock_top
quartus_sta alarm_clock_top -c alarm_clock_top
quartus_eda --read_settings_files=off --write_settings_files=off alarm_clock_top -c alarm_clock_top



